[INFO] Running MASt3R-SLAM on KITTI clean 00-10 ...
[95m[vslamlab_utilities.py][0m Experiment summary: /pfs/work9/workspace/scratch/ma_abthomas-thomas_thesis/VSLAM-LAB/configs/exp_kitti_clean_mast3rslam_10seq_a100.yaml
     - exp_kitti_clean_mast3rslam_10seq_a100

[95m[vslamlab_utilities.py][0m Checking experiment baselines:
    - [96mmast3rslam[0m:[92m is installed[0m

[95m[vslamlab_utilities.py][0m Checking experiment sequences:
    - Sequences available: [92m11[0m / 11

[95m[vslamlab_run.py][0m Running experiments (in /pfs/work9/workspace/scratch/ma_abthomas-thomas_thesis/VSLAM-LAB/configs/exp_kitti_clean_mast3rslam_10seq_a100.yaml) ...

[95m[run_functions.py][0m Running (it 1/1) [96mmast3rslam[0m in [38;2;255;165;0m00[0m of [38;2;255;165;0mkitti[0m ...
        log file: /pfs/work9/workspace/scratch/ma_abthomas-thomas_thesis/VSLAM-LAB-Evaluation/exp_kitti_clean_mast3rslam_10seq_a100/KITTI/00/system_output_00000.txt

[95m[vslamlab_run.py][0m : Experiment report: /pfs/work9/workspace/scratch/ma_abthomas-thomas_thesis/VSLAM-LAB/configs/exp_kitti_clean_mast3rslam_10seq_a100.yaml
    [93mNumber of executed iterations: 1 / 11 [0m
    [93mAverage time per iteration: 4.34 minutes[0m
    [93mTotal time consumed: 4.34 minutes[0m
    [93mRemaining time until completion: 43.36 minutes[0m

[95m[run_functions.py][0m Running (it 1/1) [96mmast3rslam[0m in [38;2;255;165;0m01[0m of [38;2;255;165;0mkitti[0m ...
        log file: /pfs/work9/workspace/scratch/ma_abthomas-thomas_thesis/VSLAM-LAB-Evaluation/exp_kitti_clean_mast3rslam_10seq_a100/KITTI/01/system_output_00000.txt

[95m[vslamlab_run.py][0m : Experiment report: /pfs/work9/workspace/scratch/ma_abthomas-thomas_thesis/VSLAM-LAB/configs/exp_kitti_clean_mast3rslam_10seq_a100.yaml
    [93mNumber of executed iterations: 2 / 11 [0m
    [93mAverage time per iteration: 2.67 minutes[0m
    [93mTotal time consumed: 5.34 minutes[0m
    [93mRemaining time until completion: 24.02 minutes[0m

[95m[run_functions.py][0m Running (it 1/1) [96mmast3rslam[0m in [38;2;255;165;0m02[0m of [38;2;255;165;0mkitti[0m ...
        log file: /pfs/work9/workspace/scratch/ma_abthomas-thomas_thesis/VSLAM-LAB-Evaluation/exp_kitti_clean_mast3rslam_10seq_a100/KITTI/02/system_output_00000.txt

[95m[vslamlab_run.py][0m : Experiment report: /pfs/work9/workspace/scratch/ma_abthomas-thomas_thesis/VSLAM-LAB/configs/exp_kitti_clean_mast3rslam_10seq_a100.yaml
    [93mNumber of executed iterations: 3 / 11 [0m
    [93mAverage time per iteration: 2.11 minutes[0m
    [93mTotal time consumed: 6.34 minutes[0m
    [93mRemaining time until completion: 16.90 minutes[0m

[95m[run_functions.py][0m Running (it 1/1) [96mmast3rslam[0m in [38;2;255;165;0m03[0m of [38;2;255;165;0mkitti[0m ...
        log file: /pfs/work9/workspace/scratch/ma_abthomas-thomas_thesis/VSLAM-LAB-Evaluation/exp_kitti_clean_mast3rslam_10seq_a100/KITTI/03/system_output_00000.txt

[95m[vslamlab_run.py][0m : Experiment report: /pfs/work9/workspace/scratch/ma_abthomas-thomas_thesis/VSLAM-LAB/configs/exp_kitti_clean_mast3rslam_10seq_a100.yaml
    [93mNumber of executed iterations: 4 / 11 [0m
    [93mAverage time per iteration: 1.83 minutes[0m
    [93mTotal time consumed: 7.34 minutes[0m
    [93mRemaining time until completion: 12.84 minutes[0m

[95m[run_functions.py][0m Running (it 1/1) [96mmast3rslam[0m in [38;2;255;165;0m04[0m of [38;2;255;165;0mkitti[0m ...
        log file: /pfs/work9/workspace/scratch/ma_abthomas-thomas_thesis/VSLAM-LAB-Evaluation/exp_kitti_clean_mast3rslam_10seq_a100/KITTI/04/system_output_00000.txt

[95m[vslamlab_run.py][0m : Experiment report: /pfs/work9/workspace/scratch/ma_abthomas-thomas_thesis/VSLAM-LAB/configs/exp_kitti_clean_mast3rslam_10seq_a100.yaml
    [93mNumber of executed iterations: 5 / 11 [0m
    [93mAverage time per iteration: 1.67 minutes[0m
    [93mTotal time consumed: 8.34 minutes[0m
    [93mRemaining time until completion: 10.01 minutes[0m

[95m[run_functions.py][0m Running (it 1/1) [96mmast3rslam[0m in [38;2;255;165;0m05[0m of [38;2;255;165;0mkitti[0m ...
        log file: /pfs/work9/workspace/scratch/ma_abthomas-thomas_thesis/VSLAM-LAB-Evaluation/exp_kitti_clean_mast3rslam_10seq_a100/KITTI/05/system_output_00000.txt

[95m[vslamlab_run.py][0m : Experiment report: /pfs/work9/workspace/scratch/ma_abthomas-thomas_thesis/VSLAM-LAB/configs/exp_kitti_clean_mast3rslam_10seq_a100.yaml
    [93mNumber of executed iterations: 6 / 11 [0m
    [93mAverage time per iteration: 1.56 minutes[0m
    [93mTotal time consumed: 9.34 minutes[0m
    [93mRemaining time until completion: 7.78 minutes[0m

[95m[run_functions.py][0m Running (it 1/1) [96mmast3rslam[0m in [38;2;255;165;0m06[0m of [38;2;255;165;0mkitti[0m ...
        log file: /pfs/work9/workspace/scratch/ma_abthomas-thomas_thesis/VSLAM-LAB-Evaluation/exp_kitti_clean_mast3rslam_10seq_a100/KITTI/06/system_output_00000.txt

[95m[vslamlab_run.py][0m : Experiment report: /pfs/work9/workspace/scratch/ma_abthomas-thomas_thesis/VSLAM-LAB/configs/exp_kitti_clean_mast3rslam_10seq_a100.yaml
    [93mNumber of executed iterations: 7 / 11 [0m
    [93mAverage time per iteration: 1.48 minutes[0m
    [93mTotal time consumed: 10.34 minutes[0m
    [93mRemaining time until completion: 5.91 minutes[0m

[95m[run_functions.py][0m Running (it 1/1) [96mmast3rslam[0m in [38;2;255;165;0m07[0m of [38;2;255;165;0mkitti[0m ...
        log file: /pfs/work9/workspace/scratch/ma_abthomas-thomas_thesis/VSLAM-LAB-Evaluation/exp_kitti_clean_mast3rslam_10seq_a100/KITTI/07/system_output_00000.txt

[95m[vslamlab_run.py][0m : Experiment report: /pfs/work9/workspace/scratch/ma_abthomas-thomas_thesis/VSLAM-LAB/configs/exp_kitti_clean_mast3rslam_10seq_a100.yaml
    [93mNumber of executed iterations: 8 / 11 [0m
    [93mAverage time per iteration: 1.42 minutes[0m
    [93mTotal time consumed: 11.34 minutes[0m
    [93mRemaining time until completion: 4.25 minutes[0m

[95m[run_functions.py][0m Running (it 1/1) [96mmast3rslam[0m in [38;2;255;165;0m08[0m of [38;2;255;165;0mkitti[0m ...
        log file: /pfs/work9/workspace/scratch/ma_abthomas-thomas_thesis/VSLAM-LAB-Evaluation/exp_kitti_clean_mast3rslam_10seq_a100/KITTI/08/system_output_00000.txt

[95m[vslamlab_run.py][0m : Experiment report: /pfs/work9/workspace/scratch/ma_abthomas-thomas_thesis/VSLAM-LAB/configs/exp_kitti_clean_mast3rslam_10seq_a100.yaml
    [93mNumber of executed iterations: 9 / 11 [0m
    [93mAverage time per iteration: 1.37 minutes[0m
    [93mTotal time consumed: 12.34 minutes[0m
    [93mRemaining time until completion: 2.74 minutes[0m

[95m[run_functions.py][0m Running (it 1/1) [96mmast3rslam[0m in [38;2;255;165;0m09[0m of [38;2;255;165;0mkitti[0m ...
        log file: /pfs/work9/workspace/scratch/ma_abthomas-thomas_thesis/VSLAM-LAB-Evaluation/exp_kitti_clean_mast3rslam_10seq_a100/KITTI/09/system_output_00000.txt

[95m[vslamlab_run.py][0m : Experiment report: /pfs/work9/workspace/scratch/ma_abthomas-thomas_thesis/VSLAM-LAB/configs/exp_kitti_clean_mast3rslam_10seq_a100.yaml
    [93mNumber of executed iterations: 10 / 11 [0m
    [93mAverage time per iteration: 1.33 minutes[0m
    [93mTotal time consumed: 13.34 minutes[0m
    [93mRemaining time until completion: 1.33 minutes[0m

[95m[run_functions.py][0m Running (it 1/1) [96mmast3rslam[0m in [38;2;255;165;0m10[0m of [38;2;255;165;0mkitti[0m ...
        log file: /pfs/work9/workspace/scratch/ma_abthomas-thomas_thesis/VSLAM-LAB-Evaluation/exp_kitti_clean_mast3rslam_10seq_a100/KITTI/10/system_output_00000.txt

[95m[vslamlab_run.py][0m : Experiment report: /pfs/work9/workspace/scratch/ma_abthomas-thomas_thesis/VSLAM-LAB/configs/exp_kitti_clean_mast3rslam_10seq_a100.yaml
    [93mNumber of executed iterations: 11 / 11 [0m
    [93mAverage time per iteration: 1.30 minutes[0m
    [93mTotal time consumed: 14.35 minutes[0m
    [93mRemaining time until completion: 0.00 seconds[0m
[93m[Experiment runtime: 14.39 minutes][0m
[95m[vslamlab_utilities.py][0m Experiment summary: /pfs/work9/workspace/scratch/ma_abthomas-thomas_thesis/VSLAM-LAB/configs/exp_kitti_clean_mast3rslam_10seq_a100.yaml
     - exp_kitti_clean_mast3rslam_10seq_a100

[95m[vslamlab_utilities.py][0m Checking experiment baselines:
    - [96mmast3rslam[0m:[92m is installed[0m

[95m[vslamlab_utilities.py][0m Checking experiment sequences:
    - Sequences available: [92m11[0m / 11

============================= JOB FEEDBACK =============================

NodeName=uc2n912
Job ID: 3011990
Cluster: uc3
User/Group: ma_abthomas/ma_ma
State: COMPLETED (exit code 0)
Nodes: 1
Cores per node: 8
CPU Utilized: 00:09:04
CPU Efficiency: 7.01% of 02:09:20 core-walltime
Job Wall-clock time: 00:16:10
Memory Utilized: 7.02 GB
Memory Efficiency: 10.97% of 64.00 GB (64.00 GB/node)
