[INFO] Running MASt3R-SLAM on KITTI clean 00-10 ...
[95m[vslamlab_utilities.py][0m Experiment summary: /pfs/work9/workspace/scratch/ma_abthomas-thomas_thesis/VSLAM-LAB/configs/exp_kitti_clean_mast3rslam_10seq_a100.yaml
     - exp_kitti_clean_mast3rslam_10seq_a100

[95m[vslamlab_utilities.py][0m Checking experiment baselines:
    - [96mmast3rslam[0m:[92m is installed[0m

[95m[vslamlab_utilities.py][0m Checking experiment sequences:
    - Sequences available: [92m11[0m / 11

[95m[vslamlab_run.py][0m Running experiments (in /pfs/work9/workspace/scratch/ma_abthomas-thomas_thesis/VSLAM-LAB/configs/exp_kitti_clean_mast3rslam_10seq_a100.yaml) ...

[95m[run_functions.py][0m Running (it 1/1) [96mmast3rslam[0m in [38;2;255;165;0m00[0m of [38;2;255;165;0mkitti[0m ...
        log file: /pfs/work9/workspace/scratch/ma_abthomas-thomas_thesis/VSLAM-LAB-Evaluation/exp_kitti_clean_mast3rslam_10seq_a100/KITTI/00/system_output_00000.txt
[95m[BaselineVSLAMLab.py][0m [31m Filling swap memory  12.6 GB / 14.9 GB > 80.00 [0m
[95m[BaselineVSLAMLab.py][0m [31m Process killed. [0m

[95m[vslamlab_run.py][0m : Experiment report: /pfs/work9/workspace/scratch/ma_abthomas-thomas_thesis/VSLAM-LAB/configs/exp_kitti_clean_mast3rslam_10seq_a100.yaml
    [93mNumber of executed iterations: 1 / 11 [0m
    [93mAverage time per iteration: 3.17 minutes[0m
    [93mTotal time consumed: 3.17 minutes[0m
    [93mRemaining time until completion: 31.69 minutes[0m

[95m[run_functions.py][0m Running (it 1/1) [96mmast3rslam[0m in [38;2;255;165;0m01[0m of [38;2;255;165;0mkitti[0m ...
        log file: /pfs/work9/workspace/scratch/ma_abthomas-thomas_thesis/VSLAM-LAB-Evaluation/exp_kitti_clean_mast3rslam_10seq_a100/KITTI/01/system_output_00000.txt
[95m[BaselineVSLAMLab.py][0m [31m Filling swap memory  12.6 GB / 14.9 GB > 80.00 [0m
[95m[BaselineVSLAMLab.py][0m [31m Process killed. [0m

[95m[vslamlab_run.py][0m : Experiment report: /pfs/work9/workspace/scratch/ma_abthomas-thomas_thesis/VSLAM-LAB/configs/exp_kitti_clean_mast3rslam_10seq_a100.yaml
    [93mNumber of executed iterations: 2 / 11 [0m
    [93mAverage time per iteration: 1.58 minutes[0m
    [93mTotal time consumed: 3.17 minutes[0m
    [93mRemaining time until completion: 14.26 minutes[0m

[95m[run_functions.py][0m Running (it 1/1) [96mmast3rslam[0m in [38;2;255;165;0m02[0m of [38;2;255;165;0mkitti[0m ...
        log file: /pfs/work9/workspace/scratch/ma_abthomas-thomas_thesis/VSLAM-LAB-Evaluation/exp_kitti_clean_mast3rslam_10seq_a100/KITTI/02/system_output_00000.txt
[95m[BaselineVSLAMLab.py][0m [31m Filling swap memory  12.6 GB / 14.9 GB > 80.00 [0m
[95m[BaselineVSLAMLab.py][0m [31m Process killed. [0m

[95m[vslamlab_run.py][0m : Experiment report: /pfs/work9/workspace/scratch/ma_abthomas-thomas_thesis/VSLAM-LAB/configs/exp_kitti_clean_mast3rslam_10seq_a100.yaml
    [93mNumber of executed iterations: 3 / 11 [0m
    [93mAverage time per iteration: 1.06 minutes[0m
    [93mTotal time consumed: 3.17 minutes[0m
    [93mRemaining time until completion: 8.45 minutes[0m

[95m[run_functions.py][0m Running (it 1/1) [96mmast3rslam[0m in [38;2;255;165;0m03[0m of [38;2;255;165;0mkitti[0m ...
        log file: /pfs/work9/workspace/scratch/ma_abthomas-thomas_thesis/VSLAM-LAB-Evaluation/exp_kitti_clean_mast3rslam_10seq_a100/KITTI/03/system_output_00000.txt
[95m[BaselineVSLAMLab.py][0m [31m Filling swap memory  12.6 GB / 14.9 GB > 80.00 [0m
[95m[BaselineVSLAMLab.py][0m [31m Process killed. [0m

[95m[vslamlab_run.py][0m : Experiment report: /pfs/work9/workspace/scratch/ma_abthomas-thomas_thesis/VSLAM-LAB/configs/exp_kitti_clean_mast3rslam_10seq_a100.yaml
    [93mNumber of executed iterations: 4 / 11 [0m
    [93mAverage time per iteration: 47.56 seconds[0m
    [93mTotal time consumed: 3.17 minutes[0m
    [93mRemaining time until completion: 5.55 minutes[0m

[95m[run_functions.py][0m Running (it 1/1) [96mmast3rslam[0m in [38;2;255;165;0m04[0m of [38;2;255;165;0mkitti[0m ...
        log file: /pfs/work9/workspace/scratch/ma_abthomas-thomas_thesis/VSLAM-LAB-Evaluation/exp_kitti_clean_mast3rslam_10seq_a100/KITTI/04/system_output_00000.txt
[95m[BaselineVSLAMLab.py][0m [31m Filling swap memory  12.6 GB / 14.9 GB > 80.00 [0m
[95m[BaselineVSLAMLab.py][0m [31m Process killed. [0m

[95m[vslamlab_run.py][0m : Experiment report: /pfs/work9/workspace/scratch/ma_abthomas-thomas_thesis/VSLAM-LAB/configs/exp_kitti_clean_mast3rslam_10seq_a100.yaml
    [93mNumber of executed iterations: 5 / 11 [0m
    [93mAverage time per iteration: 38.05 seconds[0m
    [93mTotal time consumed: 3.17 minutes[0m
    [93mRemaining time until completion: 3.81 minutes[0m

[95m[run_functions.py][0m Running (it 1/1) [96mmast3rslam[0m in [38;2;255;165;0m05[0m of [38;2;255;165;0mkitti[0m ...
        log file: /pfs/work9/workspace/scratch/ma_abthomas-thomas_thesis/VSLAM-LAB-Evaluation/exp_kitti_clean_mast3rslam_10seq_a100/KITTI/05/system_output_00000.txt
[95m[BaselineVSLAMLab.py][0m [31m Filling swap memory  12.6 GB / 14.9 GB > 80.00 [0m
[95m[BaselineVSLAMLab.py][0m [31m Process killed. [0m

[95m[vslamlab_run.py][0m : Experiment report: /pfs/work9/workspace/scratch/ma_abthomas-thomas_thesis/VSLAM-LAB/configs/exp_kitti_clean_mast3rslam_10seq_a100.yaml
    [93mNumber of executed iterations: 6 / 11 [0m
    [93mAverage time per iteration: 31.72 seconds[0m
    [93mTotal time consumed: 3.17 minutes[0m
    [93mRemaining time until completion: 2.64 minutes[0m

[95m[run_functions.py][0m Running (it 1/1) [96mmast3rslam[0m in [38;2;255;165;0m06[0m of [38;2;255;165;0mkitti[0m ...
        log file: /pfs/work9/workspace/scratch/ma_abthomas-thomas_thesis/VSLAM-LAB-Evaluation/exp_kitti_clean_mast3rslam_10seq_a100/KITTI/06/system_output_00000.txt
[95m[BaselineVSLAMLab.py][0m [31m Filling swap memory  12.6 GB / 14.9 GB > 80.00 [0m
[95m[BaselineVSLAMLab.py][0m [31m Process killed. [0m

[95m[vslamlab_run.py][0m : Experiment report: /pfs/work9/workspace/scratch/ma_abthomas-thomas_thesis/VSLAM-LAB/configs/exp_kitti_clean_mast3rslam_10seq_a100.yaml
    [93mNumber of executed iterations: 7 / 11 [0m
    [93mAverage time per iteration: 27.19 seconds[0m
    [93mTotal time consumed: 3.17 minutes[0m
    [93mRemaining time until completion: 1.81 minutes[0m

[95m[run_functions.py][0m Running (it 1/1) [96mmast3rslam[0m in [38;2;255;165;0m07[0m of [38;2;255;165;0mkitti[0m ...
        log file: /pfs/work9/workspace/scratch/ma_abthomas-thomas_thesis/VSLAM-LAB-Evaluation/exp_kitti_clean_mast3rslam_10seq_a100/KITTI/07/system_output_00000.txt
[95m[BaselineVSLAMLab.py][0m [31m Filling swap memory  12.6 GB / 14.9 GB > 80.00 [0m
[95m[BaselineVSLAMLab.py][0m [31m Process killed. [0m

[95m[vslamlab_run.py][0m : Experiment report: /pfs/work9/workspace/scratch/ma_abthomas-thomas_thesis/VSLAM-LAB/configs/exp_kitti_clean_mast3rslam_10seq_a100.yaml
    [93mNumber of executed iterations: 8 / 11 [0m
    [93mAverage time per iteration: 23.80 seconds[0m
    [93mTotal time consumed: 3.17 minutes[0m
    [93mRemaining time until completion: 1.19 minutes[0m

[95m[run_functions.py][0m Running (it 1/1) [96mmast3rslam[0m in [38;2;255;165;0m08[0m of [38;2;255;165;0mkitti[0m ...
        log file: /pfs/work9/workspace/scratch/ma_abthomas-thomas_thesis/VSLAM-LAB-Evaluation/exp_kitti_clean_mast3rslam_10seq_a100/KITTI/08/system_output_00000.txt
[95m[BaselineVSLAMLab.py][0m [31m Filling swap memory  12.6 GB / 14.9 GB > 80.00 [0m
[95m[BaselineVSLAMLab.py][0m [31m Process killed. [0m

[95m[vslamlab_run.py][0m : Experiment report: /pfs/work9/workspace/scratch/ma_abthomas-thomas_thesis/VSLAM-LAB/configs/exp_kitti_clean_mast3rslam_10seq_a100.yaml
    [93mNumber of executed iterations: 9 / 11 [0m
    [93mAverage time per iteration: 21.16 seconds[0m
    [93mTotal time consumed: 3.17 minutes[0m
    [93mRemaining time until completion: 42.31 seconds[0m

[95m[run_functions.py][0m Running (it 1/1) [96mmast3rslam[0m in [38;2;255;165;0m09[0m of [38;2;255;165;0mkitti[0m ...
        log file: /pfs/work9/workspace/scratch/ma_abthomas-thomas_thesis/VSLAM-LAB-Evaluation/exp_kitti_clean_mast3rslam_10seq_a100/KITTI/09/system_output_00000.txt
[95m[BaselineVSLAMLab.py][0m [31m Filling swap memory  12.6 GB / 14.9 GB > 80.00 [0m
[95m[BaselineVSLAMLab.py][0m [31m Process killed. [0m

[95m[vslamlab_run.py][0m : Experiment report: /pfs/work9/workspace/scratch/ma_abthomas-thomas_thesis/VSLAM-LAB/configs/exp_kitti_clean_mast3rslam_10seq_a100.yaml
    [93mNumber of executed iterations: 10 / 11 [0m
    [93mAverage time per iteration: 19.04 seconds[0m
    [93mTotal time consumed: 3.17 minutes[0m
    [93mRemaining time until completion: 19.04 seconds[0m

[95m[run_functions.py][0m Running (it 1/1) [96mmast3rslam[0m in [38;2;255;165;0m10[0m of [38;2;255;165;0mkitti[0m ...
        log file: /pfs/work9/workspace/scratch/ma_abthomas-thomas_thesis/VSLAM-LAB-Evaluation/exp_kitti_clean_mast3rslam_10seq_a100/KITTI/10/system_output_00000.txt

[95m[vslamlab_run.py][0m : Experiment report: /pfs/work9/workspace/scratch/ma_abthomas-thomas_thesis/VSLAM-LAB/configs/exp_kitti_clean_mast3rslam_10seq_a100.yaml
    [93mNumber of executed iterations: 11 / 11 [0m
    [93mAverage time per iteration: 22.77 seconds[0m
    [93mTotal time consumed: 4.17 minutes[0m
    [93mRemaining time until completion: 0.00 seconds[0m
[93m[Experiment runtime: 4.22 minutes][0m
[95m[vslamlab_utilities.py][0m Experiment summary: /pfs/work9/workspace/scratch/ma_abthomas-thomas_thesis/VSLAM-LAB/configs/exp_kitti_clean_mast3rslam_10seq_a100.yaml
     - exp_kitti_clean_mast3rslam_10seq_a100

[95m[vslamlab_utilities.py][0m Checking experiment baselines:
    - [96mmast3rslam[0m:[92m is installed[0m

[95m[vslamlab_utilities.py][0m Checking experiment sequences:
    - Sequences available: [92m11[0m / 11

============================= JOB FEEDBACK =============================

NodeName=uc2n913
Job ID: 3012916
Cluster: uc3
User/Group: ma_abthomas/ma_ma
State: COMPLETED (exit code 0)
Nodes: 1
Cores per node: 8
CPU Utilized: 00:00:30
CPU Efficiency: 1.12% of 00:44:48 core-walltime
Job Wall-clock time: 00:05:36
Memory Utilized: 4.21 GB
Memory Efficiency: 6.58% of 64.00 GB (64.00 GB/node)
